<?xml version="1.0" encoding="UTF-8"?>
<!-- Generated by org.testng.reporters.JUnitReportReporter -->
<testsuite hostname="DESKTOP-FKC5SNO" failures="0" tests="2" name="finarya_Tests.TC37_AuditorWorkbench" time="41.709" errors="0" timestamp="30 Mar 2022 09:12:24 GMT" skipped="0">
  <testcase classname="finarya_Tests.TC37_AuditorWorkbench" name="validLogin" time="9.116"/>
  <testcase classname="finarya_Tests.TC37_AuditorWorkbench" name="auditeeworkbench" time="32.593"/>
</testsuite> <!-- finarya_Tests.TC37_AuditorWorkbench -->
