<?xml version="1.0" encoding="UTF-8"?>
<!-- Generated by org.testng.reporters.JUnitReportReporter -->
<testsuite hostname="DESKTOP-FKC5SNO" failures="0" tests="9" name="finarya_Tests.TC17_CreateViewProcess" time="318.041" errors="0" timestamp="14 Apr 2022 11:18:23 GMT" skipped="0">
  <testcase classname="finarya_Tests.TC17_CreateViewProcess" name="validLogin" time="23.642"/>
  <testcase classname="finarya_Tests.TC17_CreateViewProcess" name="createprocess" time="86.028"/>
  <testcase classname="finarya_Tests.TC17_CreateViewProcess" name="ownertab" time="30.738"/>
  <testcase classname="finarya_Tests.TC17_CreateViewProcess" name="linkprocess" time="68.892"/>
  <testcase classname="finarya_Tests.TC17_CreateViewProcess" name="processflowdiagram" time="10.767"/>
  <testcase classname="finarya_Tests.TC17_CreateViewProcess" name="sop" time="15.478"/>
  <testcase classname="finarya_Tests.TC17_CreateViewProcess" name="internalexternalcircular" time="18.043"/>
  <testcase classname="finarya_Tests.TC17_CreateViewProcess" name="submitbutton" time="9.004"/>
  <testcase classname="finarya_Tests.TC17_CreateViewProcess" name="viewprocess" time="55.449"/>
</testsuite> <!-- finarya_Tests.TC17_CreateViewProcess -->
