<?xml version="1.0" encoding="UTF-8"?>
<!-- Generated by org.testng.reporters.JUnitReportReporter -->
<testsuite hostname="DESKTOP-FKC5SNO" failures="0" tests="2" name="finarya_Tests.TC05_ListDepartment" time="47.454" errors="0" timestamp="01 Apr 2022 07:18:43 GMT" skipped="0">
  <testcase classname="finarya_Tests.TC05_ListDepartment" name="validLogin" time="5.790"/>
  <testcase classname="finarya_Tests.TC05_ListDepartment" name="listdepartment" time="41.664"/>
</testsuite> <!-- finarya_Tests.TC05_ListDepartment -->
