<?xml version="1.0" encoding="UTF-8"?>
<!-- Generated by org.testng.reporters.JUnitReportReporter -->
<testsuite hostname="DESKTOP-FKC5SNO" failures="0" tests="2" name="finarya_Tests.TC10_ListProduct" time="45.464" errors="0" timestamp="07 Apr 2022 08:38:54 GMT" skipped="0">
  <testcase classname="finarya_Tests.TC10_ListProduct" name="validLogin" time="4.665"/>
  <testcase classname="finarya_Tests.TC10_ListProduct" name="listproduct" time="40.799"/>
</testsuite> <!-- finarya_Tests.TC10_ListProduct -->
