<?xml version="1.0" encoding="UTF-8"?>
<!-- Generated by org.testng.reporters.JUnitReportReporter -->
<testsuite hostname="DESKTOP-FKC5SNO" failures="0" tests="2" name="finarya_Tests.TC15_ListUser" time="50.828" errors="0" timestamp="08 Apr 2022 10:55:39 GMT" skipped="0">
  <testcase classname="finarya_Tests.TC15_ListUser" name="validLogin" time="6.028"/>
  <testcase classname="finarya_Tests.TC15_ListUser" name="listusers" time="44.800"/>
</testsuite> <!-- finarya_Tests.TC15_ListUser -->
