<?xml version="1.0" encoding="UTF-8"?>
<!-- Generated by org.testng.reporters.JUnitReportReporter -->
<testsuite hostname="DESKTOP-FKC5SNO" failures="0" tests="3" name="finarya_Tests.TC72_CreateAuditorResponse" time="60.793" errors="0" timestamp="30 Mar 2022 10:46:27 GMT" skipped="0">
  <testcase classname="finarya_Tests.TC72_CreateAuditorResponse" name="LaunchBrowser" time="5.951"/>
  <testcase classname="finarya_Tests.TC72_CreateAuditorResponse" name="auditorlogincreadential" time="9.761"/>
  <testcase classname="finarya_Tests.TC72_CreateAuditorResponse" name="createauditeeresponse" time="45.081"/>
</testsuite> <!-- finarya_Tests.TC72_CreateAuditorResponse -->
