<?xml version="1.0" encoding="UTF-8"?>
<!-- Generated by org.testng.reporters.JUnitReportReporter -->
<testsuite hostname="DESKTOP-FKC5SNO" failures="0" tests="2" name="finarya_Tests.TC36_AuditeeWorkbench" time="80.547" errors="0" timestamp="30 Mar 2022 09:10:45 GMT" skipped="0">
  <testcase classname="finarya_Tests.TC36_AuditeeWorkbench" name="validLogin" time="7.578"/>
  <testcase classname="finarya_Tests.TC36_AuditeeWorkbench" name="auditeeworkbench" time="72.969"/>
</testsuite> <!-- finarya_Tests.TC36_AuditeeWorkbench -->
