<?xml version="1.0" encoding="UTF-8"?>
<!-- Generated by org.testng.reporters.JUnitReportReporter -->
<testsuite hostname="DESKTOP-FKC5SNO" failures="0" tests="2" name="finarya_Tests.TC20_ListProcess" time="178.403" errors="0" timestamp="14 Apr 2022 11:51:09 GMT" skipped="0">
  <testcase classname="finarya_Tests.TC20_ListProcess" name="validLogin" time="99.837"/>
  <testcase classname="finarya_Tests.TC20_ListProcess" name="listproduct" time="78.566"/>
</testsuite> <!-- finarya_Tests.TC20_ListProcess -->
