<?xml version="1.0" encoding="UTF-8"?>
<!-- Generated by org.testng.reporters.JUnitReportReporter -->
<testsuite hostname="DESKTOP-FKC5SNO" failures="0" tests="3" name="finarya_Tests.TC12_CreateViewUser" time="37.041" errors="0" timestamp="08 Apr 2022 09:40:03 GMT" skipped="0">
  <testcase classname="finarya_Tests.TC12_CreateViewUser" name="validLogin" time="7.545"/>
  <testcase classname="finarya_Tests.TC12_CreateViewUser" name="productlist" time="7.383"/>
  <testcase classname="finarya_Tests.TC12_CreateViewUser" name="loginusercreate" time="22.113"/>
</testsuite> <!-- finarya_Tests.TC12_CreateViewUser -->
