<?xml version="1.0" encoding="UTF-8"?>
<!-- Generated by org.testng.reporters.JUnitReportReporter -->
<testsuite hostname="DESKTOP-FKC5SNO" failures="0" tests="3" name="finarya_Tests.TC71_CreateAuditeeResponse" time="257.545" errors="0" timestamp="31 Mar 2022 07:39:45 GMT" skipped="0">
  <testcase classname="finarya_Tests.TC71_CreateAuditeeResponse" name="LaunchBrowser" time="8.235"/>
  <testcase classname="finarya_Tests.TC71_CreateAuditeeResponse" name="auditeelogincreadential" time="67.125"/>
  <testcase classname="finarya_Tests.TC71_CreateAuditeeResponse" name="createauditeeresponse" time="182.185"/>
</testsuite> <!-- finarya_Tests.TC71_CreateAuditeeResponse -->
