<?xml version="1.0" encoding="UTF-8"?>
<!-- Generated by org.testng.reporters.JUnitReportReporter -->
<testsuite hostname="DESKTOP-FKC5SNO" failures="0" tests="2" name="finarya_Tests.TC06_UploadDepartment" time="7.838" errors="0" timestamp="01 Apr 2022 07:33:40 GMT" skipped="0">
  <testcase classname="finarya_Tests.TC06_UploadDepartment" name="validLogin" time="4.864"/>
  <testcase classname="finarya_Tests.TC06_UploadDepartment" name="listdepartment" time="2.974"/>
</testsuite> <!-- finarya_Tests.TC06_UploadDepartment -->
